Add Net: Net with name "EN" already exists
Add Net: Net with name "I2C_SCL" already exists
Add Net: Net with name "I2C_SDA" already exists
Add Net: Net with name "USB_OTG_N" already exists
Add Net: Net with name "USB_OTG_P" already exists
Added Member To Class: ClassName=ESP32S3 Member=Component C? 12pF
Added Member To Class: ClassName=LCD Member=Component C? 100nF
Added Member To Class: ClassName=PMIC Member=Component C? 1uF
Added Member To Class: ClassName=PMIC Member=Component C? 10uF
Added Member To Class: ClassName=PMIC Member=Component C? 1uF
Added Member To Class: ClassName=PMIC Member=Component C? 2.2uF
Added Member To Class: ClassName=PMIC Member=Component C? 1uF
Added Member To Class: ClassName=PMIC Member=Component C? 1uF
Added Member To Class: ClassName=PMIC Member=Component C? 1uF
Added Member To Class: ClassName=PMIC Member=Component C? 22uF
Added Member To Class: ClassName=PMIC Member=Component C? 22uF
Added Member To Class: ClassName=PMIC Member=Component R? 5.1kO
Added Member To Class: ClassName=PMIC Member=Component R? 10kO
Added Member To Class: ClassName=PMIC Member=Component R? 10kO
Added Member To Class: ClassName=PMIC Member=Component R? 5.1kO
Added Member To Class: ClassName=PMIC Member=Component U? AXP2101
