Change Physical Footprint: Designator=C1 Old Footprint=C0402 New Footprint=C0402
Change Physical Footprint: Designator=C2 Old Footprint=C0402 New Footprint=C0402
Change Physical Footprint: Designator=C3 Old Footprint=C0402 New Footprint=C0402
Change Physical Footprint: Designator=C4 Old Footprint=C0603 New Footprint=C0603
Change Physical Footprint: Designator=C5 Old Footprint=C0402 New Footprint=C0402
Change Physical Footprint: Designator=C6 Old Footprint=C0402 New Footprint=C0402
Change Physical Footprint: Designator=C7 Old Footprint=C0402 New Footprint=C0402
Change Physical Footprint: Designator=C8 Old Footprint=C0402 New Footprint=C0402
Change Physical Footprint: Designator=C9 Old Footprint=C0402 New Footprint=C0402
Change Physical Footprint: Designator=C10 Old Footprint=C0402 New Footprint=C0402
Change Physical Footprint: Designator=C11 Old Footprint=C0402 New Footprint=C0402
Change Physical Footprint: Designator=C12 Old Footprint=C0402 New Footprint=C0402
Change Physical Footprint: Designator=C13 Old Footprint=C0402 New Footprint=C0402
Change Physical Footprint: Designator=C14 Old Footprint=C0603 New Footprint=C0603
Change Physical Footprint: Designator=C15 Old Footprint=C0402 New Footprint=C0402
Change Physical Footprint: Designator=C16 Old Footprint=C0402 New Footprint=C0402
Change Physical Footprint: Designator=C17 Old Footprint=C0402 New Footprint=C0402
Change Physical Footprint: Designator=C18 Old Footprint=C0402 New Footprint=C0402
Change Physical Footprint: Designator=C19 Old Footprint=C0402 New Footprint=C0402
Change Physical Footprint: Designator=C20 Old Footprint=C0603 New Footprint=C0603
Change Physical Footprint: Designator=C21 Old Footprint=C0603 New Footprint=C0603
Change Physical Footprint: Designator=C22 Old Footprint=C0402 New Footprint=C0402
Change Physical Footprint: Designator=C23 Old Footprint=C0402 New Footprint=C0402
Change Physical Footprint: Designator=C24 Old Footprint=C0402 New Footprint=C0402
Change Physical Footprint: Designator=C25 Old Footprint=C0402 New Footprint=C0402
Change Physical Footprint: Designator=C26 Old Footprint=C0402 New Footprint=C0402
Change Physical Footprint: Designator=C27 Old Footprint=C0402 New Footprint=C0402
Change Physical Footprint: Designator=C28 Old Footprint=C0402 New Footprint=C0402
Change Physical Footprint: Designator=C29 Old Footprint=C0402 New Footprint=C0402
Change Physical Footprint: Designator=C30 Old Footprint=C0402 New Footprint=C0402
Change Physical Footprint: Designator=C31 Old Footprint=C0402 New Footprint=C0402
Change Physical Footprint: Designator=C32 Old Footprint=C0402 New Footprint=C0402
Change Physical Footprint: Designator=C33 Old Footprint=C0402 New Footprint=C0402
Change Physical Footprint: Designator=C34 Old Footprint=C0402 New Footprint=C0402
Change Physical Footprint: Designator=C35 Old Footprint=C0402 New Footprint=C0402
Change Physical Footprint: Designator=C36 Old Footprint=C0402 New Footprint=C0402
Change Physical Footprint: Designator=C37 Old Footprint=C0402 New Footprint=C0402
Change Physical Footprint: Designator=C38 Old Footprint=C0402 New Footprint=C0402
Change Physical Footprint: Designator=C39 Old Footprint=C0402 New Footprint=C0402
Change Physical Footprint: Designator=C40 Old Footprint=C0402 New Footprint=C0402
Change Physical Footprint: Designator=C41 Old Footprint=C0402 New Footprint=C0402
Change Physical Footprint: Designator=C42 Old Footprint=C0402 New Footprint=C0402
Change Physical Footprint: Designator=C43 Old Footprint=C0402 New Footprint=C0402
Change Physical Footprint: Designator=C44 Old Footprint=C0603 New Footprint=C0603
Change Physical Footprint: Designator=C45 Old Footprint=C0603 New Footprint=C0603
Change Physical Footprint: Designator=C46 Old Footprint=C0402 New Footprint=C0402
Change Physical Footprint: Designator=C47 Old Footprint=C0402 New Footprint=C0402
Change Physical Footprint: Designator=C48 Old Footprint=C0402 New Footprint=C0402
Change Physical Footprint: Designator=C49 Old Footprint=C0402 New Footprint=C0402
Change Physical Footprint: Designator=C50 Old Footprint=C0603 New Footprint=C0603
Change Physical Footprint: Designator=C51 Old Footprint=C0402 New Footprint=C0402
Change Physical Footprint: Designator=C52 Old Footprint=C0402 New Footprint=C0402
Change Physical Footprint: Designator=C53 Old Footprint=C0402 New Footprint=C0402
Change Physical Footprint: Designator=C54 Old Footprint=C0402 New Footprint=C0402
Change Physical Footprint: Designator=C55 Old Footprint=C0402 New Footprint=C0402
Change Physical Footprint: Designator=C56 Old Footprint=C0402 New Footprint=C0402
Change Physical Footprint: Designator=C57 Old Footprint=C0402 New Footprint=C0402
Change Physical Footprint: Designator=C58 Old Footprint=C0402 New Footprint=C0402
Change Physical Footprint: Designator=C59 Old Footprint=C0402 New Footprint=C0402
Change Physical Footprint: Designator=C60 Old Footprint=C0402 New Footprint=C0402
Change Physical Footprint: Designator=C61 Old Footprint=C0402 New Footprint=C0402
Change Physical Footprint: Designator=C62 Old Footprint=C0402 New Footprint=C0402
Change Physical Footprint: Designator=C63 Old Footprint=C0402 New Footprint=C0402
Change Physical Footprint: Designator=C64 Old Footprint=C0402 New Footprint=C0402
Change Physical Footprint: Designator=C65 Old Footprint=C0402 New Footprint=C0402
Change Physical Footprint: Designator=C66 Old Footprint=C0603 New Footprint=C0603
Change Physical Footprint: Designator=C67 Old Footprint=C0603 New Footprint=C0603
Change Physical Footprint: Designator=C68 Old Footprint=C0402 New Footprint=C0402
Change Physical Footprint: Designator=C69 Old Footprint=C0402 New Footprint=C0402
Change Physical Footprint: Designator=C70 Old Footprint=C0402 New Footprint=C0402
Change Physical Footprint: Designator=C71 Old Footprint=C0402 New Footprint=C0402
Change Physical Footprint: Designator=C72 Old Footprint=C0402 New Footprint=C0402
Change Physical Footprint: Designator=C73 Old Footprint=C0402 New Footprint=C0402
Change Physical Footprint: Designator=C74 Old Footprint=C0402 New Footprint=C0402
Change Physical Footprint: Designator=C75 Old Footprint=C0603 New Footprint=C0603
Change Physical Footprint: Designator=C76 Old Footprint=C0402 New Footprint=C0402
Change Physical Footprint: Designator=L1 Old Footprint=L0402 New Footprint=L0402
Change Physical Footprint: Designator=LED1 Old Footprint=LED0603-BL New Footprint=LED0603-BL
Change Physical Footprint: Designator=R1 Old Footprint=R0402 New Footprint=R0402
Change Physical Footprint: Designator=R2 Old Footprint=R0402 New Footprint=R0402
Change Physical Footprint: Designator=R3 Old Footprint=R0402 New Footprint=R0402
Change Physical Footprint: Designator=R4 Old Footprint=R0402 New Footprint=R0402
Change Physical Footprint: Designator=R5 Old Footprint=R0402 New Footprint=R0402
Change Physical Footprint: Designator=R6 Old Footprint=R0402 New Footprint=R0402
Change Physical Footprint: Designator=R7 Old Footprint=R0402 New Footprint=R0402
Change Physical Footprint: Designator=R8 Old Footprint=R0402 New Footprint=R0402
Change Physical Footprint: Designator=R9 Old Footprint=R0402 New Footprint=R0402
Change Physical Footprint: Designator=R10 Old Footprint=R0402 New Footprint=R0402
Change Physical Footprint: Designator=R11 Old Footprint=R0402 New Footprint=R0402
Change Physical Footprint: Designator=R12 Old Footprint=R0402 New Footprint=R0402
Change Physical Footprint: Designator=R13 Old Footprint=R0402 New Footprint=R0402
Change Physical Footprint: Designator=R14 Old Footprint=R0402 New Footprint=R0402
Change Physical Footprint: Designator=R15 Old Footprint=R0402 New Footprint=R0402
Change Physical Footprint: Designator=R16 Old Footprint=R0402 New Footprint=R0402
Change Physical Footprint: Designator=R17 Old Footprint=R0402 New Footprint=R0402
Change Physical Footprint: Designator=R18 Old Footprint=R0402 New Footprint=R0402
Change Physical Footprint: Designator=R19 Old Footprint=R0402 New Footprint=R0402
Change Physical Footprint: Designator=R20 Old Footprint=R0402 New Footprint=R0402
Change Physical Footprint: Designator=R21 Old Footprint=R0402 New Footprint=R0402
Change Physical Footprint: Designator=R22 Old Footprint=R0402 New Footprint=R0402
Change Physical Footprint: Designator=R23 Old Footprint=R0402 New Footprint=R0402
Change Physical Footprint: Designator=R24 Old Footprint=R0402 New Footprint=R0402
Change Physical Footprint: Designator=R25 Old Footprint=R0402 New Footprint=R0402
Change Physical Footprint: Designator=R26 Old Footprint=R0402 New Footprint=R0402
Change Physical Footprint: Designator=SW1 Old Footprint=KEY-SMD_1TS003B New Footprint=KEY-SMD_1TS003B
Change Physical Footprint: Designator=SW2 Old Footprint=KEY-SMD_1TS003B New Footprint=KEY-SMD_1TS003B
Change Physical Footprint: Designator=U1 Old Footprint=QFN-56_L7.0-W7.0-P0.40-TL-EP4.0 New Footprint=QFN-56_L7.0-W7.0-P0.40-TL-EP4.0
Change Physical Footprint: Designator=U2 Old Footprint=ANT-SMD_L3.2-W1.6 New Footprint=ANT-SMD_L3.2-W1.6
Change Physical Footprint: Designator=U3 Old Footprint=WSON-8_L6.0-W5.0-P1.27-BL-EP New Footprint=WSON-8_L6.0-W5.0-P1.27-BL-EP
Change Physical Footprint: Designator=U4 Old Footprint=QFN-40_L5.0-W5.0-P0.40-TL-EP3.4 New Footprint=QFN-40_L5.0-W5.0-P0.40-TL-EP3.4
Change Physical Footprint: Designator=U5 Old Footprint=IND-SMD_L2.5-W2.0_WPN252012H New Footprint=IND-SMD_L2.5-W2.0_WPN252012H
Change Physical Footprint: Designator=U6 Old Footprint=CONN-SMD_24P-P0.40_OK-14GF024-04_2.1INCH New Footprint=CONN-SMD_24P-P0.40_OK-14GF024-04_2.1INCH
Change Physical Footprint: Designator=U7 Old Footprint=WQFN-20_L3.0-W3.0-P0.40-BL-EP1.7 New Footprint=WQFN-20_L3.0-W3.0-P0.40-BL-EP1.7
Change Physical Footprint: Designator=U8 Old Footprint=LGA-4_L3.8-W3.0-P2.46-TR New Footprint=LGA-4_L3.8-W3.0-P2.46-TR
Change Physical Footprint: Designator=U9 Old Footprint=MSOP-8_L3.0-W3.0-P0.65-LS5.0-BL New Footprint=MSOP-8_L3.0-W3.0-P0.65-LS5.0-BL
Change Physical Footprint: Designator=U10 Old Footprint=LGA-14_L3.0-W2.5-P0.50-BR New Footprint=LGA-14_L3.0-W2.5-P0.50-BR
Change Physical Footprint: Designator=U11 Old Footprint=FBGA-153_L13.0-W11.5-P0.50_KLMAG1JETD-B041 New Footprint=FBGA-153_L13.0-W11.5-P0.50_KLMAG1JETD-B041
Change Physical Footprint: Designator=U12 Old Footprint=QFN-16_L3.0-W3.0-P0.50-TL-EP1.9 New Footprint=QFN-16_L3.0-W3.0-P0.50-TL-EP1.9
Change Physical Footprint: Designator=USB1 Old Footprint=USB-C-SMD_TYPE-C-6PIN-2MD-073 New Footprint=USB-C-SMD_TYPE-C-6PIN-2MD-073
Change Physical Footprint: Designator=X1 Old Footprint=OSC-SMD_4P-L3.2-W2.5-BL_SIT8008BI New Footprint=OSC-SMD_4P-L3.2-W2.5-BL_SIT8008BI
