Change Physical Footprint: Designator=C1 Old Footprint=C0402 New Footprint=C0402
Change Physical Footprint: Designator=C2 Old Footprint=C0402 New Footprint=C0402
Change Physical Footprint: Designator=C3 Old Footprint=C0402 New Footprint=C0402
Change Physical Footprint: Designator=C4 Old Footprint=C0603 New Footprint=C0603
Change Physical Footprint: Designator=C5 Old Footprint=C0402 New Footprint=C0402
Change Physical Footprint: Designator=C6 Old Footprint=C0402 New Footprint=C0402
Change Physical Footprint: Designator=C7 Old Footprint=C0402 New Footprint=C0402
Change Physical Footprint: Designator=C8 Old Footprint=C0402 New Footprint=C0402
Change Physical Footprint: Designator=C9 Old Footprint=C0402 New Footprint=C0402
Change Physical Footprint: Designator=C10 Old Footprint=C0402 New Footprint=C0402
Change Physical Footprint: Designator=C? Old Footprint=C0402 New Footprint=C0402
Change Physical Footprint: Designator=C? Old Footprint=C0603 New Footprint=C0603
Change Physical Footprint: Designator=C? Old Footprint=C0603 New Footprint=C0603
Change Physical Footprint: Designator=C? Old Footprint=C0402 New Footprint=C0402
Change Physical Footprint: Designator=C? Old Footprint=C0402 New Footprint=C0402
Change Physical Footprint: Designator=C? Old Footprint=C0402 New Footprint=C0402
Change Physical Footprint: Designator=C? Old Footprint=C0402 New Footprint=C0402
Change Physical Footprint: Designator=C? Old Footprint=C0402 New Footprint=C0402
Change Physical Footprint: Designator=C? Old Footprint=C0402 New Footprint=C0402
Change Physical Footprint: Designator=C? Old Footprint=C0402 New Footprint=C0402
Change Physical Footprint: Designator=C? Old Footprint=C0603 New Footprint=C0603
Change Physical Footprint: Designator=C? Old Footprint=C0402 New Footprint=C0402
Change Physical Footprint: Designator=C? Old Footprint=C0402 New Footprint=C0402
Change Physical Footprint: Designator=C? Old Footprint=C0402 New Footprint=C0402
Change Physical Footprint: Designator=L1 Old Footprint=L0402 New Footprint=L0402
Change Physical Footprint: Designator=LED? Old Footprint=LED0603-BL New Footprint=LED0603-BL
Change Physical Footprint: Designator=R1 Old Footprint=R0402 New Footprint=R0402
Change Physical Footprint: Designator=R2 Old Footprint=R0402 New Footprint=R0402
Change Physical Footprint: Designator=R3 Old Footprint=R0402 New Footprint=R0402
Change Physical Footprint: Designator=R? Old Footprint=R0402 New Footprint=R0402
Change Physical Footprint: Designator=R? Old Footprint=R0402 New Footprint=R0402
Change Physical Footprint: Designator=R? Old Footprint=R0402 New Footprint=R0402
Change Physical Footprint: Designator=R? Old Footprint=R0402 New Footprint=R0402
Change Physical Footprint: Designator=R? Old Footprint=R0402 New Footprint=R0402
Change Physical Footprint: Designator=U1 Old Footprint=QFN-56_L7.0-W7.0-P0.40-TL-EP4.0 New Footprint=QFN-56_L7.0-W7.0-P0.40-TL-EP4.0
Change Physical Footprint: Designator=U2 Old Footprint=ANT-SMD_L3.2-W1.6 New Footprint=ANT-SMD_L3.2-W1.6
Change Physical Footprint: Designator=U3 Old Footprint=WSON-8_L6.0-W5.0-P1.27-BL-EP New Footprint=WSON-8_L6.0-W5.0-P1.27-BL-EP
Change Physical Footprint: Designator=U? Old Footprint=IND-SMD_L2.5-W2.0_WPN252012H New Footprint=IND-SMD_L2.5-W2.0_WPN252012H
Change Physical Footprint: Designator=U? Old Footprint=QFN-40_L5.0-W5.0-P0.40-TL-EP3.4 New Footprint=QFN-40_L5.0-W5.0-P0.40-TL-EP3.4
Change Physical Footprint: Designator=U?? Old Footprint=CONN-SMD_24P-P0.40_OK-14GF024-04_2.1INCH New Footprint=CONN-SMD_24P-P0.40_OK-14GF024-04_2.1INCH
Change Physical Footprint: Designator=USB? Old Footprint=USB-C-SMD_TYPE-C-6PIN-2MD-073 New Footprint=USB-C-SMD_TYPE-C-6PIN-2MD-073
Change Physical Footprint: Designator=X1 Old Footprint=OSC-SMD_4P-L3.2-W2.5-BL_SIT8008BI New Footprint=OSC-SMD_4P-L3.2-W2.5-BL_SIT8008BI
